2024-05-19 04:28:15.582255: I tensorflow/core/util/port.cc:110] oneDNN custom operations are on. You may see slightly different numerical results due to floating-point round-off errors from different computation orders. To turn them off, set the environment variable `TF_ENABLE_ONEDNN_OPTS=0`.
2024-05-19 04:28:15.609104: I tensorflow/core/platform/cpu_feature_guard.cc:182] This TensorFlow binary is optimized to use available CPU instructions in performance-critical operations.
To enable the following instructions: AVX2 AVX512F AVX512_VNNI FMA, in other operations, rebuild TensorFlow with the appropriate compiler flags.
wandb: Currently logged in as: dablro1232. Use `wandb login --relogin` to force relogin
wandb: wandb version 0.17.0 is available!  To upgrade, please run:
wandb:  $ pip install wandb --upgrade
wandb: Tracking run with wandb version 0.16.4
wandb: Run data is saved locally in /home/eiden/eiden/chest-segmentation/src/trainer/train/wandb/run-20240519_042817-szgtgpcm
wandb: Run `wandb offline` to turn off syncing.
wandb: Syncing run sage-spaceship-38
wandb: ⭐️ View project at https://wandb.ai/dablro1232/Chest-segmentation
wandb: 🚀 View run at https://wandb.ai/dablro1232/Chest-segmentation/runs/szgtgpcm
CUDA Status : cuda
wandb: - 0.003 MB of 0.003 MB uploadedwandb: \ 0.003 MB of 0.003 MB uploadedwandb: | 0.003 MB of 0.003 MB uploadedwandb: / 0.012 MB of 0.028 MB uploadedwandb: - 0.012 MB of 0.028 MB uploadedwandb: \ 0  0%|          | 3/1000 [01:05<5:57:51, 21.54s/it]  0%|          | 4/1000 [01:26<5:53:46, 21.31s/it]  0%|          | 5/1000 [01:47<5:50:31, 21.14s/it]  1%|          | 6/1000 [02:09<5:54:33, 21.40s/it]  1%|          | 7/1000 [02:35<6:17:43, 22.82s/it]  1%|          | 8/1000 [03:05<6:56:37, 25.20s/it]  1%|          | 9/1000 [04:20<11:14:07, 40.81s/it]  1%|          | 10/1000 [05:23<13:07:26, 47.72s/it]  1%|          | 11/1000 [06:28<14:30:34, 52.82s/it]  1%|          | 12/1000 [07:29<15:13:37, 55.48s/it]  1%|▏         | 13/1000 [08:30<15:40:14, 57.16s/it]s)
  File "/home/eiden/eiden/chest-segmentation/src/trainer/train/train.py", line 45, in __init__
    self.initialize_models(args)
  File "/home/eiden/eiden/chest-segmentation/src/trainer/train/train.py", line 98, in initialize_models
    self.model = model_loader().to(self.device)
  File "/home/eiden/eiden/chest-segmentation/src/trainer/train/../model/load_model.py", line 12, in __call__
    return self.load_model()
  File "/home/eiden/eiden/chest-segmentation/src/trainer/train/../model/load_model.py", line 31, in load_model
    model = manet.manet()
  File "/home/eiden/eiden/chest-segmentation/src/trainer/train/../model/manet.py", line 3, in manet
    model = smp.MAnet(
TypeError: __init__() got an unexpected keyword argument 'activate'
