2024-05-12 03:50:07.681091: I tensorflow/core/util/port.cc:110] oneDNN custom operations are on. You may see slightly different numerical results due to floating-point round-off errors from different computation orders. To turn them off, set the environment variable `TF_ENABLE_ONEDNN_OPTS=0`.
2024-05-12 03:50:07.682319: I tensorflow/tsl/cuda/cudart_stub.cc:28] Could not find cuda drivers on your machine, GPU will not be used.
2024-05-12 03:50:07.706445: I tensorflow/core/platform/cpu_feature_guard.cc:182] This TensorFlow binary is optimized to use available CPU instructions in performance-critical operations.
To enable the following instructions: AVX2 AVX512F AVX512_VNNI FMA, in other operations, rebuild TensorFlow with the appropriate compiler flags.
2024-05-12 03:50:08.118300: W tensorflow/compiler/tf2tensorrt/utils/py_utils.cc:38] TF-TRT Warning: Could not find TensorRT
wandb: Currently logged in as: dablro1232. Use `wandb login --relogin` to force relogin
wandb: wandb version 0.17.0 is available!  To upgrade, please run:
wandb:  $ pip install wandb --upgrade
wandb: Tracking run with wandb version 0.16.4
wandb: Run data is saved locally in /home/eiden/eiden/chest-segmentation/src/trainer/train/wandb/run-20240512_035009-g6cpkqi5
wandb: Run `wandb offline` to turn off syncing.
wandb: Syncing run denim-blaze-2
wandb: ⭐️ View project at https://wandb.ai/dablro1232/Chest-segmentation
wandb: 🚀 View run at https://wandb.ai/dablro1232/Chest-segmentation/runs/g6cpkqi5
CUDA Status : cuda
Model: Unet++ loaded successfully!! | pretrained : imagenet

  0%|          | 0/1000 [00:00<?, ?it/s]
  0%|          | 1/1000 [00:13<3:45:54, 13.57s/it]
  0%|          | 2/1000 [00:27<3:45:12, 13.54s/it]
  0%|          | 3/1000 [00:40<3:42:48, 13.41s/it]
  0%|          | 4/1000 [00:53<3:42:02, 13.38s/it]
  0%|          | 5/1000 [01:07<3:41:59, 13.39s/it]
  1%|          | 6/1000 [01:20<3:41:03, 13.34s/it]
  1%|          | 7/1000 [01:33<3:41:02, 13.36s/it]
  1%|          | 8/1000 [01:46<3:40:22, 13.33s/it]
  1%|          | 9/1000 [02:00<3:39:56, 13.32s/it]
  1%|          | 10/1000 [02:13<3:39:15, 13.29s/it]
  1%|          | 11/1000 [02:26<3:38:53, 13.28s/it]
  1%|          | 12/1000 [02:40<3:39:57, 13.36s/it]
  1%|▏         | 13/1000 [02:53<3:39:25, 13.34s/it]
  1%|▏         | 14/1000 [03:06<3:38:57, 13.32s/it]
  2%|▏         | 15/1000 [03:20<3:39:37, 13.38s/it]
  2%|▏         | 16/1000 [03:34<3:43:54, 13.65s/it]
  2%|▏         | 17/1000 [03:49<3:49:56, 14.04s/it]
  2%|▏         | 18/1000 [04:02<3:45:57, 13.81s/it]
  2%|▏         | 19/1000 [04:16<3:43:23, 13.66s/it]
  2%|▏         | 20/1000 [04:29<3:40:52, 13.52s/it]
  2%|▏         | 21/1000 [04:42<3:39:09, 13.43s/it]
  2%|▏         | 22/1000 [04:55<3:37:48, 13.36s/it]
  2%|▏         | 23/1000 [05:09<3:36:57, 13.32s/it]
  2%|▏         | 24/1000 [05:22<3:37:53, 13.40s/it]
  2%|▎     3%|▎         | 26/1000 [05:53<3:55:40, 14.52s/it]  3%|▎         | 27/1000 [06:09<4:00:27, 14.83s/it]  3%|▎         | 28/1000 [06:24<4:04:34, 15.10s/it]  3%|▎         | 29/1000 [06:41<4:10:22, 15.47s/it]  3%|▎         | 30/1000 [06:56<4:09:17, 15.42s/it]  3%|▎         | 31/1000 [07:12<4:11:23, 15.57s/it]  3%|▎         | 32/1000 [07:27<4:09:27, 15.46s/it]  3%|▎         | 33/1000 [07:43<4:09:18, 15.47s/it]  3%|▎         | 34/1000 [07:58<4:08:10, 15.41s/it]  4%|▎         | 35/1000 [08:14<4:13:25, 15.76s/it]  4%|▎         | 36/1000 [08:34<4:33:49, 17.04s/it]  4%|▎         | 37/1000 [08:50<4:25:31, 16.54s/it]  4%|▍         | 38/1000 [09:05<4:19:06, 16.16s/it]  4%|▍         | 39/1000 [09:20<4:14:49, 15.91s/it]  4%|▍         | 40/1000 [09:36<4:12:16, 15.77s/it]  4%|▍         | 41/1000 [09:52<4:11:42, 15.75s/it]  4%|▍         | 42/1000 [10:08<4:14:12, 15.92s/it]